Clndrs   -10000000000   6.0
Clndrs   6.0   10000000000

Volume   -10000000000   91.0
Volume   91.0   97.0
Volume   97.0   98.0
Volume   98.0   108.0
Volume   108.0   120.0
Volume   120.0   10000000000

Model   -10000000000   79.0
Model   79.0   81.0
Model   81.0   82.0
Model   82.0   10000000000

origin   1.0   3.0
origin   2.0   3.0
origin   3.0   3.0
origin   3.0   3.0

Clndrs -10000000000 6.0 0.629
origin 3.0 3.0 0.617
Model 82.0 10000000000 0.429
Volume 91.0 97.0 0.311
Model 79.0 81.0 0.311
Volume 98.0 108.0 0.229
Volume -10000000000 91.0 0.151
Model 81.0 82.0 0.151
Volume 108.0 120.0 0.082
origin 3.0 3.0 0.071
origin 2.0 3.0 0.014
origin 1.0 3.0 0.009
Clndrs 6.0 10000000000 0.0
Volume 97.0 98.0 0.0
Volume 120.0 10000000000 0.0
Model -10000000000 79.0 0.0
returning out :  [{'Clndrs': {'max': 6.0, 'min': -10000000000, 'at': 0}}]
returning most :  0.3428571428543265


**********
rule from xpln :  [{'Clndrs': {'max': 6.0, 'min': -10000000000, 'at': 0}}]
[[{'max': 6.0, 'min': -10000000000}]]
Result : ✅
Running test :  the
{'seed': 1500431348, 'go': 'all', 'file': '../../../etc/data/auto93.csv', 'help': False, 'far': 0.95, 'min': 0.5, 'max': 512, 'halves': 512, 'rest': 4, 'reuse': True, 'p': 2, 'cliffs': 0.147, 'd': 0.35, 'bins': 16}        
Result : ✅
Running test :  rand
Result : ✅
Running test :  some
[64, 397, 5391, 9670, 1702, 9383, 4344, 3496, 1792, 6653, 1958, 9715, 7235, 7937, 7089, 327, 2036, 3888, 6516, 2283, 9167, 9197, 6853, 24, 5827, 6454, 6752, 846, 9410, 4037, 6003, 9999]
length :  32
Result : ✅
Running test :  clone

[['Lbs-', 2972.26], ['Acc+', 15.54], ['Mpg+', 23.84]]
[['Lbs-', 2970.42], ['Acc+', 15.57], ['Mpg+', 23.84]]
Result : ✅
Running test :  dist
Num at : 0, hi : 0.8746488290766207, lo : 0.0, m2 : 24.52, mu : 0.5, txt : , w : 0, n : 398, mid : 0.5004574415458266
Result : ✅
Running test :  cliffs
False
True
False
True
> 1.0 False
> 1.025 False
> 1.051 False
> 1.077 False
> 1.104 False
> 1.131 False
> 1.16 True
Result : ✅
Running test :  tree
| 398 [['Lbs-', 2970.42], ['Acc+', 15.57], ['Mpg+', 23.79]]
|. 200
|.. 101
|... 51
|.... 26 [['Lbs-', 4080.92], ['Acc+', 13.04], ['Mpg+', 12.69]]
|.... 25 [['Lbs-', 4153.92], ['Acc+', 11.22], ['Mpg+', 13.2]]
|... 50
|.... 26 [['Lbs-', 3939.08], ['Acc+', 14.08], ['Mpg+', 20.0]]
|.... 24 [['Lbs-', 4360.96], ['Acc+', 12.96], ['Mpg+', 13.33]]
|.. 99
|... 50
|.... 26 [['Lbs-', 3349.92], ['Acc+', 17.62], ['Mpg+', 20.0]]
|.... 24 [['Lbs-', 3203.38], ['Acc+', 16.35], ['Mpg+', 22.08]]
|... 49
|.... 25 [['Lbs-', 2429.84], ['Acc+', 16.63], ['Mpg+', 24.4]]
|.... 24 [['Lbs-', 3141.38], ['Acc+', 15.77], ['Mpg+', 20.0]]
|. 198
|.. 100
|... 51
|.... 26 [['Lbs-', 2361.69], ['Acc+', 15.33], ['Mpg+', 26.92]]
|.... 25 [['Lbs-', 2595.88], ['Acc+', 17.92], ['Mpg+', 32.0]]
|... 49
|.... 25 [['Lbs-', 2194.72], ['Acc+', 16.18], ['Mpg+', 26.0]]
|.... 24 [['Lbs-', 2288.33], ['Acc+', 17.01], ['Mpg+', 26.25]]
|.. 98
|... 50
|.... 26 [['Lbs-', 2105.08], ['Acc+', 16.84], ['Mpg+', 32.69]]
|.... 24 [['Lbs-', 2346.75], ['Acc+', 15.73], ['Mpg+', 32.5]]
|... 48
|.... 25 [['Lbs-', 2383.48], ['Acc+', 16.15], ['Mpg+', 29.6]]
|.... 23 [['Lbs-', 2536.96], ['Acc+', 16.34], ['Mpg+', 30.43]]
Result : ✅
Running test :  sway

 all  [['Lbs-', 2970.42], ['Acc+', 15.57], ['Mpg+', 23.84]]
     [['Lbs-', 846.84], ['Acc+', 2.76], ['Mpg+', 8.34]]

best [['Lbs-', 2054.64], ['Acc+', 16.56], ['Mpg+', 35.0]]
     [['Lbs-', 150.9], ['Acc+', 1.44], ['Mpg+', 5.19]]

rest [['Lbs-', 2883.25], ['Acc+', 14.93], ['Mpg+', 24.82]]
     [['Lbs-', 857.51], ['Acc+', 2.49], ['Mpg+', 8.94]]

 all ~= best? [True, True, True]
best ~= rest? [True, True, True]
Result : ✅
Running test :  bins
 
Clndrs -10000000000 8.0 0.675 best : 14 rest : 27

Clndrs 8.0 10000000000 0.0 rest : 29


Volume -10000000000 90.0 0.311 rest : 3 best : 5

Volume 90.0 97.0 0.151 rest : 5 best : 3

Volume 97.0 100.0 0.082 rest : 6 best : 2

Volume 100.0 122.0 0.151 best : 3 rest : 5

Volume 122.0 156.0 0.026 rest : 7 best : 1

Volume 156.0 10000000000 0.0 rest : 30


Model -10000000000 78.0 0.0 rest : 40

Model 78.0 80.0 0.229 best : 4 rest : 4

Model 80.0 80.0 0.311 best : 5 rest : 3

Model 80.0 81.0 0.151 rest : 5 best : 3

Model 81.0 10000000000 0.095 rest : 4 best : 2


origin 1.0 2.0 0.007 best : 1 rest : 39

origin 2.0 2.0 0.071 best : 1

origin 2.0 2.0 0.748 best : 12 rest : 7

origin 3.0 3.0 0.0 rest : 10

Result : ✅
Running test :  read
Result : ✅
Running test :  half
200 198 398
[4.0, 97.0, 52.0, 2130.0, 24.6, 82.0, 2.0, 40.0] 2
0.879385838503896
[8.0, 400.0, 175.0, 4464.0, 11.5, 71.0, 1.0, 10.0]
Result : ✅