python  main.py -g all                         Running all tests
Gaussian test
 10000 10.023885917749068 2.015752911586152
Convert basic
                truee True True
                false False False
                false False False
NUM
 10 5.5 3.0276503524154634

sample
 cbcde
 cbaea
 abdeb
 cebad
 edbac
 ebead
 ebbdc
 baccd
 cbaea
Convert five
rx5 3 *       - - - - - - - - - -           |                                         {  0.20,   0.30,   0.10,   0.20,   0.40}
rx3 1   *         - - - - - - - -           |                                         {  0.25,   0.40,   0.15,   0.25,   0.35}
rx1 4                       *             - | - - - -                                 {  0.49,   0.51,   0.34,   0.49,   0.60}
rx2 4                                       |         *         - - - - - - - - - -   {  0.70,   0.80,   0.60,   0.70,   0.90}
rx4 0                                       |         *         - - - - - - - - - -   {  0.70,   0.80,   0.60,   0.70,   0.90}
Convert tiles
  rx6 *                                     |                                         { 10.88,  10.18,  10.69,   9.91,   9.28}
  rx5 *                                     |                                         {  9.28,   9.76,  10.63,   8.84,  10.64}
  rx0 *                                     |                                         { 10.63,   9.83,  10.19,  10.40,   9.84}
  rx9 *                                     |                                         {  9.32,  10.18,  10.71,   9.07,   9.28}
  rx1 - *                                   |                                         {  7.32,  11.12,  11.33,  11.16,   8.85}
  rx2                     *                 |                                         { 20.51,  19.79,  19.05,  19.44,  19.54}
  rx3                                       |         *                               { 31.21,  31.37,  31.00,  29.27,  28.78}
  rx4                                       |     - - *                               { 32.02,  30.99,  31.16,  29.53,  31.77}
  rx8                                       |                               - - - *   { 40.23,  44.11,  42.68,  37.61,  36.72}
  rx7                                       |                           *             { 39.85,  39.50,  39.00,  39.26,  39.46}
Convert sk
  85 rx5 * - -                                 |                                         { 11.37,   8.99,   7.62,   9.43,  11.44}
  85 rx0 * -                                   |                                         {  9.15,   9.80,   8.61,   9.01,  10.53}
  85 rx6 * - -                                 |                                         {  8.75,  10.81,   8.54,   8.85,   8.80}
  85 rx9 -   *                                 |                                         {  8.62,   9.42,   9.93,   9.80,   9.35}
  66 rx1 - *                                   |                                         {  8.01,  10.53,   9.83,  11.30,  10.44}
  88 rx2                           - * -       |                                         { 20.21,  20.69,  20.71,  20.24,  22.54}
  88 rx3                                       |       - *                               { 30.27,  28.87,  30.14,  28.67,  30.17}
  87 rx4                                       |         *                               { 30.62,  29.71,  29.94,  29.03,  28.78}
  89 rx8                                       |                             *           { 47.45,  43.94,  38.80,  38.97,  38.79}
  0 rx7                                       |                               * -       { 39.98,  41.37,  39.00,  40.52,  37.65}
Convert six
rx1 1 *                                     |                                         {100.00, 101.00, 101.00,  99.00,  99.50}
rx2 1 *                                     |                                         {100.00, 101.00, 101.00,  99.00, 100.00}
rx3 1 *                                     |                                         {100.00, 101.00, 101.00,  99.50,  99.00}
rx4 0 *                                     |                                         {100.00, 101.00, 101.00,  99.00, 100.00}
Convert bootmu
 mu sd cliffs boot both
 -- -- ------ ---- ----
 10 1 True False False
 11 1 False False False
 0.1 1 False False False
Convert pre
         1 true True True
         1.5 false False True
         2.0 false False True
         2.5 false False True
         3.0 false False True
         3.5 false False True
         4.0 false False True
         4.5 false False True
         5.0 false False True
         5.5 false False True