python  main.py -g all

Running test :  the
{'seed': 937162211, 'go': 'all', 'file': '../../../etc/data/auto93.csv', 'help': False, 'far': 0.95, 'min': 0.5, 'max': 512, 'halves': 512, 'rest': 4, 'reuse': True, 'p': 2, 'cliffs': 0.147}
Result : ✅
Running test :  rand
Result : ✅
Running test :  some
[64, 397, 5391, 9670, 1702, 9383, 4344, 3496, 1792, 6653, 1958, 9715, 7235, 7937, 7089, 327, 2036, 3888, 6516, 2283, 9167, 9197, 6853, 24, 5827, 6454, 6752, 846, 9410, 4037, 6003, 9999]
length :  32
Result : ✅
Running test :  clone
TODO - CHECK VALUES IN STATS NOT MATCHING WITH OUTPUT
[['Lbs-', 2972.26], ['Acc+', 15.54], ['Mpg+', 23.84]]
[['Lbs-', 2970.42], ['Acc+', 15.57], ['Mpg+', 23.84]]
Result : ✅
Running test :  dist
Num at : 0, hi : 0.8746488290766207, lo : 0.0, m2 : 24.52, mu : 0.5, txt : , w : 0, n : 398, mid : 0.5004574415458266
Result : ✅
Running test :  cliffs
False
True
False
True
> 1.0 False
> 1.025 False
> 1.051 False
> 1.077 False
> 1.104 False
> 1.131 False
> 1.16 True
Result : ✅
Running test :  tree
| 398 [['Lbs-', 2970.42], ['Acc+', 15.57], ['Mpg+', 23.79]]
|. 199 
|.. 99 
|... 49 
|.... 24 [['Lbs-', 2263.58], ['Acc+', 16.31], ['Mpg+', 29.17]]
|.... 25 [['Lbs-', 2873.92], ['Acc+', 15.85], ['Mpg+', 25.2]]
|... 50
|.... 25 [['Lbs-', 2484.2], ['Acc+', 16.56], ['Mpg+', 30.8]]
|.... 25 [['Lbs-', 2522.68], ['Acc+', 17.85], ['Mpg+', 32.4]]
|.. 100
|... 50
|.... 25 [['Lbs-', 2081.68], ['Acc+', 16.5], ['Mpg+', 35.2]]
|.... 25 [['Lbs-', 2354.88], ['Acc+', 15.87], ['Mpg+', 30.0]]
|... 50
|.... 25 [['Lbs-', 2169.84], ['Acc+', 17.07], ['Mpg+', 26.0]]
|.... 25 [['Lbs-', 2376.56], ['Acc+', 15.35], ['Mpg+', 26.8]]
|. 199
|.. 99
|... 49
|.... 24 [['Lbs-', 4020.88], ['Acc+', 12.65], ['Mpg+', 14.17]]
|.... 25 [['Lbs-', 4437.52], ['Acc+', 11.28], ['Mpg+', 11.2]]
|... 50
|.... 25 [['Lbs-', 4159.2], ['Acc+', 13.26], ['Mpg+', 13.6]]
|.... 25 [['Lbs-', 3933.24], ['Acc+', 13.88], ['Mpg+', 20.0]]
|.. 100
|... 50
|.... 25 [['Lbs-', 2418.52], ['Acc+', 16.95], ['Mpg+', 24.4]]
|.... 25 [['Lbs-', 2711.0], ['Acc+', 15.2], ['Mpg+', 22.4]]
|... 50
|.... 25 [['Lbs-', 3332.0], ['Acc+', 17.33], ['Mpg+', 20.0]]
|.... 25 [['Lbs-', 3400.84], ['Acc+', 17.09], ['Mpg+', 20.0]]
Result : ✅
Running test :  sway

 all  [['Lbs-', 2973.02], ['Acc+', 15.56], ['Mpg+', 23.81]]
     [['Lbs-', 845.34], ['Acc+', 2.76], ['Mpg+', 8.37]]

best [['Lbs-', 2386.25], ['Acc+', 17.64], ['Mpg+', 32.5]]
     [['Lbs-', 277.97], ['Acc+', 1.79], ['Mpg+', 4.52]]

rest [['Lbs-', 2978.25], ['Acc+', 15.15], ['Mpg+', 23.96]]
     [['Lbs-', 781.95], ['Acc+', 2.73], ['Mpg+', 7.92]]

 all ~= best? [True, True, True]
best ~= rest? [True, True, True]
Result : ✅
Running test :  bins
 
Clndrs -10000000000 4.0 0.65 best : 13 rest : 28

Clndrs 4.0 10000000000 0.0 rest : 24


Volume -10000000000 90.0 0.024 best : 1 rest : 9

Volume 90.0 115.0 0.176 best : 4 rest : 12

Volume 115.0 140.0 0.234 best : 4 rest : 5

Volume 140.0 156.0 0.274 best : 4 rest : 2

Volume 156.0 10000000000 0.0 rest : 24


Model -10000000000 78.0 0.0 rest : 33

Model 78.0 79.0 0.369 best : 6 rest : 6

Model 79.0 80.0 0.396 best : 6 rest : 4

Model 80.0 81.0 0.051 best : 1 rest : 2

Model 81.0 10000000000 0.0 rest : 7


origin 1.0 1.0 0.634 best : 13 rest : 30

origin 2.0 2.0 0.0 rest : 9

origin 3.0 3.0 0.0 rest : 13

Result : ✅
Running test :  read
Result : ✅
Running test :  half
199 199 398
[6.0, 156.0, 122.0, 2807.0, 13.5, 73.0, 3.0, 20.0] 0.6811271374752977
[4.0, 105.0, 70.0, 2200.0, 13.2, 79.0, 1.0, 30.0]
[8.0, 350.0, 105.0, 3725.0, 19.0, 81.0, 1.0, 30.0]
Result : ✅